<?xml version="1.0" encoding="UTF-8"?>
<testng-results ignored="0" total="1" passed="1" failed="0" skipped="0">
  <reporter-output>
  </reporter-output>
  <suite started-at="2025-04-08T12:50:07 IST" name="Default suite" finished-at="2025-04-08T12:50:11 IST" duration-ms="3815">
    <groups>
    </groups>
    <test started-at="2025-04-08T12:50:07 IST" name="Default test" finished-at="2025-04-08T12:50:11 IST" duration-ms="3815">
      <class name="MavenProject.Automation.Automation1">
        <test-method signature="test1()[pri:0, instance:MavenProject.Automation.Automation1@139982de]" started-at="2025-04-08T12:50:07 IST" name="test1" finished-at="2025-04-08T12:50:11 IST" duration-ms="3766" status="PASS">
          <reporter-output>
          </reporter-output>
        </test-method> <!-- test1 -->
      </class> <!-- MavenProject.Automation.Automation1 -->
    </test> <!-- Default test -->
  </suite> <!-- Default suite -->
</testng-results>
